Start testing: May 13 10:51 +07
----------------------------------------------------------
1/1 Testing: TestSorting
1/1 Test: TestSorting
Command: "/home/saliy/proga2sem/tests/build/test_sorting"
Directory: /home/saliy/proga2sem/tests/build
"TestSorting" start time: May 13 10:51 +07
Output:
----------------------------------------------------------
[==========] tests: Running 9 test(s).
[ RUN      ] test_FillInc
[       OK ] test_FillInc
[ RUN      ] test_FillDec
[       OK ] test_FillDec
[ RUN      ] test_CheckSum
[       OK ] test_CheckSum
[ RUN      ] test_RunNumber
[       OK ] test_RunNumber
[ RUN      ] test_insertSort
[       OK ] test_insertSort
[ RUN      ] test_shellSort
[       OK ] test_shellSort
[ RUN      ] test_shellSortBetter
[       OK ] test_shellSortBetter
[ RUN      ] test_generateShellSequenceAsString
[  ERROR   ] --- "7 3 1" != "7 3 1 "
[   LINE   ] --- /home/saliy/proga2sem/tests/unit_tests.c:73: error: Failure!
[  FAILED  ] test_generateShellSequenceAsString
[ RUN      ] test_generateCiuraSequenceAsString
[       OK ] test_generateCiuraSequenceAsString
[==========] tests: 9 test(s) run.
[  PASSED  ] 8 test(s).
[  FAILED  ] tests: 1 test(s), listed below:
[  FAILED  ] test_generateShellSequenceAsString

 1 FAILED TEST(S)
<end of output>
Test time =   0.00 sec
----------------------------------------------------------
Test Failed.
"TestSorting" end time: May 13 10:51 +07
"TestSorting" time elapsed: 00:00:00
----------------------------------------------------------

End testing: May 13 10:51 +07
